<?xml version="1.0" encoding="UTF-8"?>
<testsuite xmlns:xsi="http://www.w3.org/2001/XMLSchema-instance" xsi:noNamespaceSchemaLocation="https://maven.apache.org/surefire/maven-surefire-plugin/xsd/surefire-test-report.xsd" version="3.0.1" name="imageconverter.AppTest" time="0.019" tests="1" errors="0" skipped="0" failures="0">
  <properties>
    <property name="java.specification.version" value="17"/>
    <property name="sun.jnu.encoding" value="UTF-8"/>
    <property name="java.class.path" value="/Users/prithusrivastava/Desktop/untitled folder 2/ImageConverterClass/target/test-classes:/Users/prithusrivastava/Desktop/untitled folder 2/ImageConverterClass/target/classes:/Users/prithusrivastava/.m2/repository/com/aspose/aspose-html/24.3/aspose-html-24.3.jar:/Users/prithusrivastava/.m2/repository/org/apache/xmlgraphics/batik-transcoder/1.16/batik-transcoder-1.16.jar:/Users/prithusrivastava/.m2/repository/org/apache/xmlgraphics/batik-anim/1.16/batik-anim-1.16.jar:/Users/prithusrivastava/.m2/repository/org/apache/xmlgraphics/batik-awt-util/1.16/batik-awt-util-1.16.jar:/Users/prithusrivastava/.m2/repository/org/apache/xmlgraphics/xmlgraphics-commons/2.7/xmlgraphics-commons-2.7.jar:/Users/prithusrivastava/.m2/repository/commons-io/commons-io/1.3.1/commons-io-1.3.1.jar:/Users/prithusrivastava/.m2/repository/commons-logging/commons-logging/1.0.4/commons-logging-1.0.4.jar:/Users/prithusrivastava/.m2/repository/org/apache/xmlgraphics/batik-bridge/1.16/batik-bridge-1.16.jar:/Users/prithusrivastava/.m2/repository/org/apache/xmlgraphics/batik-script/1.16/batik-script-1.16.jar:/Users/prithusrivastava/.m2/repository/org/apache/xmlgraphics/batik-dom/1.16/batik-dom-1.16.jar:/Users/prithusrivastava/.m2/repository/xml-apis/xml-apis/1.4.01/xml-apis-1.4.01.jar:/Users/prithusrivastava/.m2/repository/org/apache/xmlgraphics/batik-gvt/1.16/batik-gvt-1.16.jar:/Users/prithusrivastava/.m2/repository/org/apache/xmlgraphics/batik-shared-resources/1.16/batik-shared-resources-1.16.jar:/Users/prithusrivastava/.m2/repository/org/apache/xmlgraphics/batik-svggen/1.16/batik-svggen-1.16.jar:/Users/prithusrivastava/.m2/repository/org/apache/xmlgraphics/batik-util/1.16/batik-util-1.16.jar:/Users/prithusrivastava/.m2/repository/org/apache/xmlgraphics/batik-constants/1.16/batik-constants-1.16.jar:/Users/prithusrivastava/.m2/repository/org/apache/xmlgraphics/batik-i18n/1.16/batik-i18n-1.16.jar:/Users/prithusrivastava/.m2/repository/org/apache/xmlgraphics/batik-xml/1.16/batik-xml-1.16.jar:/Users/prithusrivastava/.m2/repository/xml-apis/xml-apis-ext/1.3.04/xml-apis-ext-1.3.04.jar:/Users/prithusrivastava/.m2/repository/org/apache/xmlgraphics/batik-svg-dom/1.16/batik-svg-dom-1.16.jar:/Users/prithusrivastava/.m2/repository/org/apache/xmlgraphics/batik-css/1.16/batik-css-1.16.jar:/Users/prithusrivastava/.m2/repository/org/apache/xmlgraphics/batik-ext/1.16/batik-ext-1.16.jar:/Users/prithusrivastava/.m2/repository/org/apache/xmlgraphics/batik-parser/1.16/batik-parser-1.16.jar:/Users/prithusrivastava/.m2/repository/org/apache/xmlgraphics/batik-codec/1.16/batik-codec-1.16.jar:/Users/prithusrivastava/.m2/repository/org/junit/jupiter/junit-jupiter-api/5.11.0/junit-jupiter-api-5.11.0.jar:/Users/prithusrivastava/.m2/repository/org/opentest4j/opentest4j/1.3.0/opentest4j-1.3.0.jar:/Users/prithusrivastava/.m2/repository/org/junit/platform/junit-platform-commons/1.11.0/junit-platform-commons-1.11.0.jar:/Users/prithusrivastava/.m2/repository/org/apiguardian/apiguardian-api/1.1.2/apiguardian-api-1.1.2.jar:/Users/prithusrivastava/.m2/repository/org/junit/jupiter/junit-jupiter-params/5.11.0/junit-jupiter-params-5.11.0.jar:"/>
    <property name="java.vm.vendor" value="Homebrew"/>
    <property name="sun.arch.data.model" value="64"/>
    <property name="java.vendor.url" value="https://github.com/Homebrew/homebrew-core/issues"/>
    <property name="os.name" value="Mac OS X"/>
    <property name="java.vm.specification.version" value="17"/>
    <property name="sun.java.launcher" value="SUN_STANDARD"/>
    <property name="user.country" value="IN"/>
    <property name="sun.boot.library.path" value="/opt/homebrew/Cellar/openjdk@17/17.0.15/libexec/openjdk.jdk/Contents/Home/lib"/>
    <property name="sun.java.command" value="/Users/prithusrivastava/Desktop/untitled folder 2/ImageConverterClass/target/surefire/surefirebooter-20250714145843471_3.jar /Users/prithusrivastava/Desktop/untitled folder 2/ImageConverterClass/target/surefire 2025-07-14T14-58-43_396-jvmRun1 surefire-20250714145843471_1tmp surefire_0-20250714145843471_2tmp"/>
    <property name="http.nonProxyHosts" value="local|*.local|169.254/16|*.169.254/16"/>
    <property name="jdk.debug" value="release"/>
    <property name="surefire.test.class.path" value="/Users/prithusrivastava/Desktop/untitled folder 2/ImageConverterClass/target/test-classes:/Users/prithusrivastava/Desktop/untitled folder 2/ImageConverterClass/target/classes:/Users/prithusrivastava/.m2/repository/com/aspose/aspose-html/24.3/aspose-html-24.3.jar:/Users/prithusrivastava/.m2/repository/org/apache/xmlgraphics/batik-transcoder/1.16/batik-transcoder-1.16.jar:/Users/prithusrivastava/.m2/repository/org/apache/xmlgraphics/batik-anim/1.16/batik-anim-1.16.jar:/Users/prithusrivastava/.m2/repository/org/apache/xmlgraphics/batik-awt-util/1.16/batik-awt-util-1.16.jar:/Users/prithusrivastava/.m2/repository/org/apache/xmlgraphics/xmlgraphics-commons/2.7/xmlgraphics-commons-2.7.jar:/Users/prithusrivastava/.m2/repository/commons-io/commons-io/1.3.1/commons-io-1.3.1.jar:/Users/prithusrivastava/.m2/repository/commons-logging/commons-logging/1.0.4/commons-logging-1.0.4.jar:/Users/prithusrivastava/.m2/repository/org/apache/xmlgraphics/batik-bridge/1.16/batik-bridge-1.16.jar:/Users/prithusrivastava/.m2/repository/org/apache/xmlgraphics/batik-script/1.16/batik-script-1.16.jar:/Users/prithusrivastava/.m2/repository/org/apache/xmlgraphics/batik-dom/1.16/batik-dom-1.16.jar:/Users/prithusrivastava/.m2/repository/xml-apis/xml-apis/1.4.01/xml-apis-1.4.01.jar:/Users/prithusrivastava/.m2/repository/org/apache/xmlgraphics/batik-gvt/1.16/batik-gvt-1.16.jar:/Users/prithusrivastava/.m2/repository/org/apache/xmlgraphics/batik-shared-resources/1.16/batik-shared-resources-1.16.jar:/Users/prithusrivastava/.m2/repository/org/apache/xmlgraphics/batik-svggen/1.16/batik-svggen-1.16.jar:/Users/prithusrivastava/.m2/repository/org/apache/xmlgraphics/batik-util/1.16/batik-util-1.16.jar:/Users/prithusrivastava/.m2/repository/org/apache/xmlgraphics/batik-constants/1.16/batik-constants-1.16.jar:/Users/prithusrivastava/.m2/repository/org/apache/xmlgraphics/batik-i18n/1.16/batik-i18n-1.16.jar:/Users/prithusrivastava/.m2/repository/org/apache/xmlgraphics/batik-xml/1.16/batik-xml-1.16.jar:/Users/prithusrivastava/.m2/repository/xml-apis/xml-apis-ext/1.3.04/xml-apis-ext-1.3.04.jar:/Users/prithusrivastava/.m2/repository/org/apache/xmlgraphics/batik-svg-dom/1.16/batik-svg-dom-1.16.jar:/Users/prithusrivastava/.m2/repository/org/apache/xmlgraphics/batik-css/1.16/batik-css-1.16.jar:/Users/prithusrivastava/.m2/repository/org/apache/xmlgraphics/batik-ext/1.16/batik-ext-1.16.jar:/Users/prithusrivastava/.m2/repository/org/apache/xmlgraphics/batik-parser/1.16/batik-parser-1.16.jar:/Users/prithusrivastava/.m2/repository/org/apache/xmlgraphics/batik-codec/1.16/batik-codec-1.16.jar:/Users/prithusrivastava/.m2/repository/org/junit/jupiter/junit-jupiter-api/5.11.0/junit-jupiter-api-5.11.0.jar:/Users/prithusrivastava/.m2/repository/org/opentest4j/opentest4j/1.3.0/opentest4j-1.3.0.jar:/Users/prithusrivastava/.m2/repository/org/junit/platform/junit-platform-commons/1.11.0/junit-platform-commons-1.11.0.jar:/Users/prithusrivastava/.m2/repository/org/apiguardian/apiguardian-api/1.1.2/apiguardian-api-1.1.2.jar:/Users/prithusrivastava/.m2/repository/org/junit/jupiter/junit-jupiter-params/5.11.0/junit-jupiter-params-5.11.0.jar:"/>
    <property name="sun.cpu.endian" value="little"/>
    <property name="user.home" value="/Users/prithusrivastava"/>
    <property name="user.language" value="en"/>
    <property name="java.specification.vendor" value="Oracle Corporation"/>
    <property name="java.version.date" value="2025-04-15"/>
    <property name="java.home" value="/opt/homebrew/Cellar/openjdk@17/17.0.15/libexec/openjdk.jdk/Contents/Home"/>
    <property name="file.separator" value="/"/>
    <property name="basedir" value="/Users/prithusrivastava/Desktop/untitled folder 2/ImageConverterClass"/>
    <property name="java.vm.compressedOopsMode" value="Zero based"/>
    <property name="line.separator" value="&#10;"/>
    <property name="java.specification.name" value="Java Platform API Specification"/>
    <property name="java.vm.specification.vendor" value="Oracle Corporation"/>
    <property name="surefire.real.class.path" value="/Users/prithusrivastava/Desktop/untitled folder 2/ImageConverterClass/target/surefire/surefirebooter-20250714145843471_3.jar"/>
    <property name="sun.management.compiler" value="HotSpot 64-Bit Tiered Compilers"/>
    <property name="ftp.nonProxyHosts" value="local|*.local|169.254/16|*.169.254/16"/>
    <property name="java.runtime.version" value="17.0.15+0"/>
    <property name="user.name" value="prithusrivastava"/>
    <property name="path.separator" value=":"/>
    <property name="os.version" value="15.4.1"/>
    <property name="java.runtime.name" value="OpenJDK Runtime Environment"/>
    <property name="file.encoding" value="UTF-8"/>
    <property name="java.vm.name" value="OpenJDK 64-Bit Server VM"/>
    <property name="java.vendor.version" value="Homebrew"/>
    <property name="localRepository" value="/Users/prithusrivastava/.m2/repository"/>
    <property name="java.vendor.url.bug" value="https://github.com/Homebrew/homebrew-core/issues"/>
    <property name="java.io.tmpdir" value="/var/folders/jq/1xmzk_ts4g18b08z_2wmc4p80000gp/T/"/>
    <property name="java.version" value="17.0.15"/>
    <property name="user.dir" value="/Users/prithusrivastava/Desktop/untitled folder 2/ImageConverterClass"/>
    <property name="os.arch" value="aarch64"/>
    <property name="java.vm.specification.name" value="Java Virtual Machine Specification"/>
    <property name="native.encoding" value="UTF-8"/>
    <property name="java.library.path" value="/Users/prithusrivastava/Library/Java/Extensions:/Library/Java/Extensions:/Network/Library/Java/Extensions:/System/Library/Java/Extensions:/usr/lib/java:."/>
    <property name="java.vm.info" value="mixed mode, sharing"/>
    <property name="java.vendor" value="Homebrew"/>
    <property name="java.vm.version" value="17.0.15+0"/>
    <property name="java.specification.maintenance.version" value="1"/>
    <property name="sun.io.unicode.encoding" value="UnicodeBig"/>
    <property name="socksNonProxyHosts" value="local|*.local|169.254/16|*.169.254/16"/>
    <property name="java.class.version" value="61.0"/>
  </properties>
  <testcase name="shouldAnswerWithTrue" classname="imageconverter.AppTest" time="0.01"/>
</testsuite>